\BOOKMARK [1][-]{section.1}{\376\377\137\025\212\000}{}% 1
\BOOKMARK [1][-]{section.2}{\376\377\221\321\134\136\123\144\123\026\162\151\224\231\224\233\167\377\000\050\000M\000H\000P\000\051\147\120\145\231}{}% 2
\BOOKMARK [2][-]{subsection.2.1}{\376\377\0003\000D\000\040\224\231\224\233\167\377}{section.2}% 3
\BOOKMARK [2][-]{subsection.2.2}{\376\377\224\231\224\233\167\377\221\317\133\120\160\271\000\050\000P\000e\000Q\000D\000\051}{section.2}% 4
\BOOKMARK [1][-]{section.3}{\376\377\224\231\224\233\167\377\123\321\121\111\116\214\147\201\173\241\000\050\000P\000e\000L\000E\000D\000\051}{}% 5
\BOOKMARK [2][-]{subsection.3.1}{\376\377\000P\000e\000L\000E\000D\166\204\127\372\147\054\147\204\142\020}{section.3}% 6
\BOOKMARK [2][-]{subsection.3.2}{\376\377\000P\000e\000L\000E\000D\166\204\162\171\160\271}{section.3}% 7
\BOOKMARK [2][-]{subsection.3.3}{\376\377\000P\000e\000L\000E\000D\116\016\000O\000L\000E\000D\124\214\000Q\000L\000E\000D\166\204\133\371\153\324}{section.3}% 8
\BOOKMARK [1][-]{section.4}{\376\377\204\335\121\111\000P\000e\000L\000E\000D}{}% 9
\BOOKMARK [2][-]{subsection.4.1}{\376\377\204\335\121\111\000P\000e\000L\000E\000D\205\204\201\234\122\066\131\007\145\271\154\325}{section.4}% 10
\BOOKMARK [2][-]{subsection.4.2}{\376\377\204\335\121\111\000P\000e\000L\000E\000D\166\204\143\021\142\030\116\016\126\360\226\276}{section.4}% 11
\BOOKMARK [3][-]{subsubsection.4.2.1}{\376\377\167\037\153\143\166\204\204\335\121\111\154\342\225\177}{subsection.4.2}% 12
\BOOKMARK [3][-]{subsubsection.4.2.2}{\376\377\121\111\214\061\172\063\133\232\140\047\225\356\230\230}{subsection.4.2}% 13
\BOOKMARK [3][-]{subsubsection.4.2.3}{\376\377\000P\000b\121\103\175\040\166\204\153\322\140\047}{subsection.4.2}% 14
\BOOKMARK [2][-]{subsection.4.3}{\376\377\131\202\117\125\143\320\232\330\204\335\121\111\000P\000e\000L\000E\000D\145\110\163\207}{section.4}% 15
\BOOKMARK [3][-]{subsubsection.4.3.1}{\376\377\000A\117\115\171\273\133\120\143\272\147\102}{subsection.4.3}% 16
\BOOKMARK [3][-]{subsubsection.4.3.2}{\376\377\000B\117\115\171\273\133\120\143\272\147\102}{subsection.4.3}% 17
\BOOKMARK [3][-]{subsubsection.4.3.3}{\376\377\210\150\227\142\221\115\117\123\166\204\117\134\165\050}{subsection.4.3}% 18
\BOOKMARK [1][-]{section.5}{\376\377\140\073\176\323\116\016\134\125\147\033}{}% 19
\BOOKMARK [1][-]{section.6}{\376\377\201\364\214\042\116\016\213\376\172\013\136\372\213\256}{}% 20
\BOOKMARK [1][-]{section*.2}{\376\377\123\302\200\003\145\207\163\056}{}% 21
