\BOOKMARK [1][-]{section.1}{\376\377\176\352\213\272}{}% 1
\BOOKMARK [1][-]{section.2}{\376\377\152\041\127\213\136\372\172\313\166\204\164\006\213\272\122\006\147\220}{}% 2
\BOOKMARK [2][-]{subsection.2.1}{\376\377\145\271\172\013\136\372\172\313}{section.2}% 3
\BOOKMARK [2][-]{subsection.2.2}{\376\377\133\371\116\000\174\173\000S\000I\000R\152\041\127\213\166\204\154\102\211\343\143\242\172\166}{section.2}% 4
\BOOKMARK [1][-]{section.3}{\376\377\000S\000I\000R\152\041\127\213}{}% 5
\BOOKMARK [2][-]{subsection.3.1}{\376\377\127\372\147\054\166\204\000S\000I\000R\152\041\127\213}{section.3}% 6
\BOOKMARK [2][-]{subsection.3.2}{\376\377\133\371\153\146\154\111\145\160\143\156\166\204\133\236\213\301\150\300\232\214}{section.3}% 7
\BOOKMARK [2][-]{subsection.3.3}{\376\377\000S\000I\000R\152\041\127\213\166\204\145\160\120\074\145\117\141\037\136\246}{section.3}% 8
\BOOKMARK [1][-]{section.4}{\376\377\000S\000E\000I\000R\152\041\127\213}{}% 9
\BOOKMARK [2][-]{subsection.4.1}{\376\377\152\041\127\213}{section.4}% 10
\BOOKMARK [3][-]{subsubsection.4.1.1}{\376\377\152\041\127\213\211\343\221\312}{subsection.4.1}% 11
\BOOKMARK [3][-]{subsubsection.4.1.2}{\376\377\123\302\145\160\141\017\116\111}{subsection.4.1}% 12
\BOOKMARK [2][-]{subsection.4.2}{\376\377\123\302\145\160\145\160\120\074\124\214\152\041\127\213\122\035\120\074}{section.4}% 13
\BOOKMARK [3][-]{subsubsection.4.2.1}{\376\377\060\001\166\204\120\074}{subsection.4.2}% 14
\BOOKMARK [3][-]{subsubsection.4.2.2}{\376\377\000S\060\001\000E\060\001\000I\060\001\000R\166\204\122\035\120\074}{subsection.4.2}% 15
\BOOKMARK [3][-]{subsubsection.4.2.3}{\376\377\000k\000_\0001\166\204\120\074}{subsection.4.2}% 16
\BOOKMARK [2][-]{subsection.4.3}{\376\377\145\160\120\074\133\236\232\214}{section.4}% 17
\BOOKMARK [1][-]{section.5}{\376\377\145\366\156\336\152\041\127\213}{}% 18
\BOOKMARK [2][-]{subsection.5.1}{\376\377\152\041\127\213\166\204\137\025\121\145}{section.5}% 19
\BOOKMARK [3][-]{subsubsection.5.1.1}{\376\377\121\372\163\260\165\307\162\266\377\010\147\052\210\253\170\156\213\312\377\011\166\204\116\272\177\244}{subsection.5.1}% 20
\BOOKMARK [3][-]{subsubsection.5.1.2}{\376\377\145\366\156\336\166\204\137\025\121\145}{subsection.5.1}% 21
\BOOKMARK [2][-]{subsection.5.2}{\376\377\121\167\117\123\152\041\127\213}{section.5}% 22
\BOOKMARK [2][-]{subsection.5.3}{\376\377\154\102\211\343\152\041\127\213}{section.5}% 23
\BOOKMARK [2][-]{subsection.5.4}{\376\377\133\371\152\041\127\213\166\204\217\333\116\000\153\145\145\071\217\333}{section.5}% 24
\BOOKMARK [3][-]{subsubsection.5.4.1}{\376\377\117\356\145\071\124\016\166\204\152\041\127\213}{subsection.5.4}% 25
\BOOKMARK [3][-]{subsubsection.5.4.2}{\376\377\123\302\145\160\214\003\213\325\116\016\176\323\147\234}{subsection.5.4}% 26
\BOOKMARK [3][-]{subsubsection.5.4.3}{\376\377\213\345\152\041\127\213\166\204\145\160\120\074\145\117\141\037\136\246}{subsection.5.4}% 27
\BOOKMARK [1][-]{section.6}{\376\377\127\372\116\216\226\217\147\072\217\307\172\013\166\204\117\040\147\323\165\305\136\372\152\041}{}% 28
\BOOKMARK [2][-]{subsection.6.1}{\376\377\127\372\116\216\226\217\147\072\217\307\172\013\166\204\117\040\147\323\165\305\136\372\152\041}{section.6}% 29
\BOOKMARK [2][-]{subsection.6.2}{\376\377\152\041\127\213\122\006\147\220}{section.6}% 30
\BOOKMARK [2][-]{subsection.6.3}{\376\377\140\073\176\323}{section.6}% 31
\BOOKMARK [1][-]{section.7}{\376\377\117\040\147\323\165\305\152\041\127\213\116\055\166\204\147\000\117\030\143\247\122\066\225\356\230\230}{}% 32
\BOOKMARK [2][-]{subsection.7.1}{\376\377\147\000\117\030\143\247\122\066\225\356\230\230\173\200\116\313}{section.7}% 33
\BOOKMARK [2][-]{subsection.7.2}{\376\377\000S\000I\000R\152\041\127\213\116\055\166\204\165\253\202\327\122\006\221\115\117\030\123\026\225\356\230\230}{section.7}% 34
\BOOKMARK [1][-]{section.8}{\376\377\117\040\147\323\165\305\136\372\152\041\166\204\136\163\127\107\127\072\177\121\176\334\152\041\127\213}{}% 35
\BOOKMARK [2][-]{subsection.8.1}{\376\377\151\202\137\365\152\041\127\213\136\372\172\313}{section.8}% 36
\BOOKMARK [2][-]{subsection.8.2}{\376\377\117\040\147\323\165\305\136\372\152\041\166\204\177\121\176\334\152\041\127\213}{section.8}% 37
\BOOKMARK [3][-]{subsubsection.8.2.1}{\376\377\116\000\116\233\123\302\145\160\211\343\221\312}{subsection.8.2}% 38
\BOOKMARK [3][-]{subsubsection.8.2.2}{\376\377\117\040\147\323\165\305\177\121\176\334\152\041\127\213\166\204\122\035\153\145\136\372\172\313}{subsection.8.2}% 39
\BOOKMARK [3][-]{subsubsection.8.2.3}{\376\377\137\025\121\145\121\375\145\160}{subsection.8.2}% 40
\BOOKMARK [2][-]{subsection.8.3}{\376\377\117\040\147\323\165\305\127\050\131\032\134\102\177\121\176\334\166\204\117\040\144\255}{section.8}% 41
\BOOKMARK [1][-]{section.9}{\376\377\127\050\177\121\176\334\116\055\217\333\210\114\165\253\202\327\143\245\171\315}{}% 42
\BOOKMARK [2][-]{subsection.9.1}{\376\377\151\202\137\365\152\041\127\213\123\312\116\000\116\233\123\302\145\160\211\343\221\312}{section.9}% 43
\BOOKMARK [2][-]{subsection.9.2}{\376\377\176\337\116\000\142\026\226\217\147\072\143\245\171\315\165\253\202\327}{section.9}% 44
\BOOKMARK [2][-]{subsection.9.3}{\376\377\127\372\116\216\217\336\143\245\172\013\136\246\166\204\166\356\150\007\165\253\202\327\143\245\171\315}{section.9}% 45
\BOOKMARK [2][-]{subsection.9.4}{\376\377\177\072\116\117\117\341\140\157\166\204\165\253\202\327\143\245\171\315}{section.9}% 46
\BOOKMARK [3][-]{subsubsection.9.4.1}{\376\377\161\237\116\272\165\253\202\327\143\245\171\315}{subsection.9.4}% 47
\BOOKMARK [3][-]{subsubsection.9.4.2}{\376\377\121\166\117\131\143\245\171\315\173\126\165\145\173\200\123\125\140\035\200\003}{subsection.9.4}% 48
\BOOKMARK [1][-]{section.10}{\376\377\140\073\176\323\116\016\134\125\147\033}{}% 49
\BOOKMARK [1][-]{section*.7}{\376\377\123\302\200\003\145\207\163\056}{}% 50
