\BOOKMARK [1][-]{section.1}{\376\377\133\374\212\000}{}% 1
\BOOKMARK [1][-]{section.2}{\376\377\225\356\230\230\166\204\200\314\146\157\377\032\146\264\122\233\060\001\215\053\172\167\124\214\123\363\177\374\117\040\176\337}{}% 2
\BOOKMARK [2][-]{subsection.2.1}{\376\377\146\264\122\233\166\204\145\077\154\273\145\207\123\026\377\032\154\342\124\345\131\047\116\213\116\366\060\001\156\070\121\373\226\037\124\214\121\306\121\233\116\213\116\073\116\111}{section.2}% 3
\BOOKMARK [2][-]{subsection.2.2}{\376\377\202\160\226\276\165\037\155\073\377\032\215\053\133\314\135\356\215\335\124\214\171\076\117\032\225\356\230\230}{section.2}% 4
\BOOKMARK [2][-]{subsection.2.3}{\376\377\117\335\133\210\124\214\145\071\123\330\377\032\123\363\177\374\117\040\176\337\124\214\131\047\220\011\134\125\147\033}{section.2}% 5
\BOOKMARK [1][-]{section.3}{\376\377\225\356\230\230\166\204\143\242\172\166}{}% 6
\BOOKMARK [2][-]{subsection.3.1}{\376\377\221\317\123\026\145\071\227\151\213\241\122\022\133\371\142\227\213\256\166\204\137\161\124\315}{section.3}% 7
\BOOKMARK [3][-]{subsubsection.3.1.1}{\376\377\145\160\143\156\116\016\145\271\154\325}{subsection.3.1}% 8
\BOOKMARK [3][-]{subsubsection.3.1.2}{\376\377\176\323\147\234}{subsection.3.1}% 9
\BOOKMARK [3][-]{subsubsection.3.1.3}{\376\377\172\063\133\232\140\047\150\300\232\214}{subsection.3.1}% 10
\BOOKMARK [2][-]{subsection.3.2}{\376\377\213\277\214\010\145\271\154\325\377\032\142\212\143\341\142\227\213\256\121\150\146\157}{section.3}% 11
\BOOKMARK [1][-]{section.4}{\376\377\225\356\230\230\166\204\213\250\213\272\377\032\124\345\117\046\153\324\116\232\145\077\136\234\133\371\142\227\213\256\166\204\123\315\136\224\123\312\145\110\147\234}{}% 12
\BOOKMARK [2][-]{subsection.4.1}{\376\377\164\006\213\272\150\106\147\266}{section.4}% 13
\BOOKMARK [2][-]{subsection.4.2}{\376\377\117\134\116\072\126\336\231\210\124\214\137\025\213\361\166\204\145\077\173\126\213\251\153\145}{section.4}% 14
\BOOKMARK [3][-]{subsubsection.4.2.1}{\376\377\116\044\153\041\145\071\227\151\145\164\117\123\150\106\147\266\133\371\153\324}{subsection.4.2}% 15
\BOOKMARK [3][-]{subsubsection.4.2.2}{\376\377\137\201\145\066\166\356\150\007\214\003\145\164\166\204\145\164\117\123\140\035\215\357\377\032\116\316\142\151\131\047\172\016\127\372\122\060\040\034\137\000\156\220\202\202\155\101\040\035}{subsection.4.2}% 16
\BOOKMARK [3][-]{subsubsection.4.2.3}{\376\377\121\317\134\021\146\156\220\032\154\021\117\027\166\204\215\037\142\305\377\032\133\371\142\227\213\256\200\005\166\204\213\251\153\145\116\016\131\245\123\117}{subsection.4.2}% 17
\BOOKMARK [3][-]{subsubsection.4.2.4}{\376\377\176\317\155\116\131\015\202\317\116\016\171\076\117\032\171\217\122\051\145\077\173\126\377\032\133\371\142\227\213\256\200\005\166\204\133\211\142\232\116\016\142\311\142\342}{subsection.4.2}% 18
\BOOKMARK [3][-]{subsubsection.4.2.5}{\376\377\142\123\121\373\220\003\172\016\116\016\177\051\121\317\220\350\122\006\137\000\145\057\377\032\136\224\133\371\215\042\145\077\123\161\147\072\200\014\116\015\157\300\215\167\142\227\213\256\166\204\121\166\116\326\145\271\154\325}{subsection.4.2}% 19
\BOOKMARK [3][-]{subsubsection.4.2.6}{\376\377\145\071\227\151\166\204\140\073\176\323\377\032\147\011\145\110\213\251\153\145}{subsection.4.2}% 20
\BOOKMARK [2][-]{subsection.4.3}{\376\377\117\341\140\157\144\315\143\247\377\032\154\141\124\015\123\026\133\243\117\040\116\016\131\032\171\315\133\241\147\345}{section.4}% 21
\BOOKMARK [3][-]{subsubsection.4.3.1}{\376\377\133\371\142\227\213\256\155\073\122\250\154\141\124\015\123\026\166\204\145\271\137\017\116\016\145\110\147\234}{subsection.4.3}% 22
\BOOKMARK [3][-]{subsubsection.4.3.2}{\376\377\176\374\124\010\166\204\133\241\147\345\142\113\153\265}{subsection.4.3}% 23
\BOOKMARK [2][-]{subsection.4.4}{\376\377\225\107\123\213\377\032\142\227\213\256\154\273\133\211\166\204\145\271\137\017\123\312\145\110\147\234}{section.4}% 24
\BOOKMARK [3][-]{subsubsection.4.4.1}{\376\377\124\345\117\046\153\324\116\232\142\227\213\256\154\273\133\211\142\113\153\265\151\202\217\360\123\312\145\110\147\234\120\107\213\276}{subsection.4.4}% 25
\BOOKMARK [3][-]{subsubsection.4.4.2}{\376\377\220\002\137\227\121\166\123\315\166\204\225\107\123\213\377\032\147\145\201\352\145\160\143\156\166\204\213\301\143\156}{subsection.4.4}% 26
\BOOKMARK [3][-]{subsubsection.4.4.3}{\376\377\142\227\213\256\146\264\122\233\123\107\176\247\166\204\200\314\124\016\147\072\122\066\122\006\147\220}{subsection.4.4}% 27
\BOOKMARK [2][-]{subsection.4.5}{\376\377\213\250\213\272\377\032\142\227\213\256\123\312\121\166\123\315\122\066\166\204\121\166\116\326\225\356\230\230}{section.4}% 28
\BOOKMARK [3][-]{subsubsection.4.5.1}{\376\377\165\253\140\305\121\262\121\373}{subsection.4.5}% 29
\BOOKMARK [3][-]{subsubsection.4.5.2}{\376\377\220\127\157\017\123\330\221\317}{subsection.4.5}% 30
\BOOKMARK [3][-]{subsubsection.4.5.3}{\376\377\123\315\124\021\126\340\147\234}{subsection.4.5}% 31
\BOOKMARK [3][-]{subsubsection.4.5.4}{\376\377\116\072\116\300\116\110\117\032\147\011\213\146\133\337\146\264\122\233\377\037}{subsection.4.5}% 32
\BOOKMARK [1][-]{section.5}{\376\377\176\323\213\272}{}% 33
\BOOKMARK [1][-]{section.5}{\376\377\123\302\200\003\145\207\163\056}{}% 34
